<?xml version="1.0" encoding="UTF-8"?>
<coverage generated="1733550937198" clover="3.2.0">
  <project timestamp="1733550937198" name="All files">
    <metrics statements="223" coveredstatements="190" conditionals="67" coveredconditionals="48" methods="63" coveredmethods="57" elements="353" coveredelements="295" complexity="0" loc="223" ncloc="223" packages="4" files="22" classes="22"/>
    <package name="components">
      <metrics statements="140" coveredstatements="121" conditionals="48" coveredconditionals="34" methods="43" coveredmethods="39"/>
      <file name="AboutUsPage.jsx" path="/Users/abhishekjain/Desktop/Travelopedia-client/client/src/components/AboutUsPage.jsx">
        <metrics statements="1" coveredstatements="1" conditionals="0" coveredconditionals="0" methods="1" coveredmethods="1"/>
        <line num="8" count="1" type="stmt"/>
      </file>
      <file name="BlogDetails.jsx" path="/Users/abhishekjain/Desktop/Travelopedia-client/client/src/components/BlogDetails.jsx">
        <metrics statements="53" coveredstatements="37" conditionals="14" coveredconditionals="6" methods="11" coveredmethods="7"/>
        <line num="13" count="1" type="stmt"/>
        <line num="14" count="4" type="stmt"/>
        <line num="15" count="4" type="stmt"/>
        <line num="16" count="4" type="stmt"/>
        <line num="17" count="4" type="stmt"/>
        <line num="18" count="4" type="stmt"/>
        <line num="20" count="4" type="stmt"/>
        <line num="22" count="2" type="stmt"/>
        <line num="23" count="2" type="stmt"/>
        <line num="24" count="2" type="stmt"/>
        <line num="25" count="2" type="stmt"/>
        <line num="32" count="2" type="stmt"/>
        <line num="33" count="2" type="stmt"/>
        <line num="35" count="0" type="stmt"/>
        <line num="38" count="2" type="stmt"/>
        <line num="41" count="4" type="stmt"/>
        <line num="42" count="2" type="stmt"/>
        <line num="43" count="2" type="stmt"/>
        <line num="44" count="2" type="stmt"/>
        <line num="46" count="2" type="stmt"/>
        <line num="55" count="2" type="stmt"/>
        <line num="56" count="12" type="stmt"/>
        <line num="57" count="12" type="cond" truecount="1" falsecount="1"/>
        <line num="58" count="0" type="cond" truecount="0" falsecount="2"/>
        <line num="64" count="2" type="stmt"/>
        <line num="67" count="4" type="cond" truecount="2" falsecount="0"/>
        <line num="68" count="2" type="stmt"/>
        <line num="71" count="2" type="stmt"/>
        <line num="72" count="2" type="cond" truecount="1" falsecount="1"/>
        <line num="73" count="0" type="stmt"/>
        <line num="74" count="0" type="stmt"/>
        <line num="76" count="2" type="stmt"/>
        <line num="79" count="2" type="cond" truecount="1" falsecount="1"/>
        <line num="80" count="0" type="stmt"/>
        <line num="83" count="2" type="stmt"/>
        <line num="84" count="0" type="stmt"/>
        <line num="87" count="2" type="stmt"/>
        <line num="88" count="2" type="stmt"/>
        <line num="91" count="2" type="stmt"/>
        <line num="92" count="0" type="stmt"/>
        <line num="95" count="2" type="stmt"/>
        <line num="96" count="0" type="stmt"/>
        <line num="97" count="0" type="stmt"/>
        <line num="98" count="0" type="stmt"/>
        <line num="99" count="0" type="stmt"/>
        <line num="106" count="0" type="cond" truecount="0" falsecount="2"/>
        <line num="107" count="0" type="stmt"/>
        <line num="109" count="0" type="stmt"/>
        <line num="112" count="0" type="stmt"/>
        <line num="116" count="2" type="stmt"/>
        <line num="117" count="0" type="stmt"/>
        <line num="120" count="2" type="stmt"/>
        <line num="148" count="4" type="stmt"/>
      </file>
      <file name="Blogs.jsx" path="/Users/abhishekjain/Desktop/Travelopedia-client/client/src/components/Blogs.jsx">
        <metrics statements="1" coveredstatements="1" conditionals="0" coveredconditionals="0" methods="1" coveredmethods="1"/>
        <line num="5" count="1" type="stmt"/>
      </file>
      <file name="BudgetProcess.jsx" path="/Users/abhishekjain/Desktop/Travelopedia-client/client/src/components/BudgetProcess.jsx">
        <metrics statements="4" coveredstatements="4" conditionals="6" coveredconditionals="6" methods="2" coveredmethods="2"/>
        <line num="4" count="1" type="stmt"/>
        <line num="5" count="5" type="stmt"/>
        <line num="10" count="15" type="stmt"/>
        <line num="31" count="1" type="stmt"/>
      </file>
      <file name="ConfirmDialog.jsx" path="/Users/abhishekjain/Desktop/Travelopedia-client/client/src/components/ConfirmDialog.jsx">
        <metrics statements="4" coveredstatements="4" conditionals="2" coveredconditionals="2" methods="1" coveredmethods="1"/>
        <line num="4" count="2" type="stmt"/>
        <line num="5" count="7" type="cond" truecount="2" falsecount="0"/>
        <line num="6" count="3" type="stmt"/>
        <line num="9" count="4" type="stmt"/>
      </file>
      <file name="CustomBudget.jsx" path="/Users/abhishekjain/Desktop/Travelopedia-client/client/src/components/CustomBudget.jsx">
        <metrics statements="18" coveredstatements="18" conditionals="2" coveredconditionals="1" methods="4" coveredmethods="4"/>
        <line num="10" count="1" type="stmt"/>
        <line num="21" count="1" type="stmt"/>
        <line num="35" count="8" type="stmt"/>
        <line num="36" count="8" type="stmt"/>
        <line num="37" count="8" type="stmt"/>
        <line num="38" count="8" type="stmt"/>
        <line num="40" count="8" type="stmt"/>
        <line num="41" count="1" type="stmt"/>
        <line num="42" count="1" type="stmt"/>
        <line num="48" count="1" type="stmt"/>
        <line num="49" count="1" type="stmt"/>
        <line num="50" count="1" type="stmt"/>
        <line num="51" count="1" type="stmt"/>
        <line num="52" count="1" type="stmt"/>
        <line num="53" count="1" type="stmt"/>
        <line num="56" count="8" type="stmt"/>
        <line num="67" count="2" type="stmt"/>
        <line num="78" count="2" type="stmt"/>
      </file>
      <file name="ExistingBudgets.jsx" path="/Users/abhishekjain/Desktop/Travelopedia-client/client/src/components/ExistingBudgets.jsx">
        <metrics statements="29" coveredstatements="27" conditionals="8" coveredconditionals="7" methods="11" coveredmethods="11"/>
        <line num="7" count="9" type="stmt"/>
        <line num="8" count="9" type="stmt"/>
        <line num="10" count="9" type="stmt"/>
        <line num="11" count="8" type="stmt"/>
        <line num="12" count="8" type="cond" truecount="2" falsecount="0"/>
        <line num="13" count="4" type="stmt"/>
        <line num="18" count="9" type="stmt"/>
        <line num="19" count="4" type="stmt"/>
        <line num="22" count="9" type="stmt"/>
        <line num="23" count="4" type="stmt"/>
        <line num="26" count="9" type="stmt"/>
        <line num="27" count="2" type="stmt"/>
        <line num="28" count="2" type="stmt"/>
        <line num="29" count="2" type="stmt"/>
        <line num="31" count="2" type="stmt"/>
        <line num="33" count="2" type="stmt"/>
        <line num="35" count="2" type="cond" truecount="2" falsecount="0"/>
        <line num="36" count="2" type="stmt"/>
        <line num="37" count="1" type="stmt"/>
        <line num="38" count="1" type="stmt"/>
        <line num="40" count="1" type="cond" truecount="1" falsecount="1"/>
        <line num="43" count="0" type="stmt"/>
        <line num="44" count="0" type="stmt"/>
        <line num="48" count="9" type="stmt"/>
        <line num="49" count="6" type="stmt"/>
        <line num="52" count="9" type="stmt"/>
        <line num="65" count="6" type="stmt"/>
        <line num="69" count="2" type="stmt"/>
        <line num="77" count="6" type="stmt"/>
      </file>
      <file name="Footer.jsx" path="/Users/abhishekjain/Desktop/Travelopedia-client/client/src/components/Footer.jsx">
        <metrics statements="2" coveredstatements="2" conditionals="0" coveredconditionals="0" methods="1" coveredmethods="1"/>
        <line num="6" count="3" type="stmt"/>
        <line num="7" count="5" type="stmt"/>
      </file>
      <file name="Header.jsx" path="/Users/abhishekjain/Desktop/Travelopedia-client/client/src/components/Header.jsx">
        <metrics statements="10" coveredstatements="9" conditionals="8" coveredconditionals="5" methods="4" coveredmethods="4"/>
        <line num="20" count="2" type="stmt"/>
        <line num="21" count="3" type="stmt"/>
        <line num="23" count="3" type="stmt"/>
        <line num="36" count="3" type="stmt"/>
        <line num="37" count="30" type="cond" truecount="1" falsecount="1"/>
        <line num="38" count="0" type="cond" truecount="0" falsecount="2"/>
        <line num="40" count="30" type="stmt"/>
        <line num="49" count="3" type="stmt"/>
        <line num="60" count="12" type="stmt"/>
        <line num="91" count="30" type="stmt"/>
      </file>
      <file name="ProtectedRoute.tsx" path="/Users/abhishekjain/Desktop/Travelopedia-client/client/src/components/ProtectedRoute.tsx">
        <metrics statements="10" coveredstatements="10" conditionals="6" coveredconditionals="6" methods="2" coveredmethods="2"/>
        <line num="9" count="1" type="stmt"/>
        <line num="10" count="3" type="stmt"/>
        <line num="11" count="3" type="stmt"/>
        <line num="12" count="3" type="stmt"/>
        <line num="13" count="3" type="stmt"/>
        <line num="15" count="3" type="stmt"/>
        <line num="19" count="3" type="cond" truecount="4" falsecount="0"/>
        <line num="20" count="2" type="cond" truecount="2" falsecount="0"/>
        <line num="21" count="1" type="stmt"/>
        <line num="25" count="2" type="stmt"/>
      </file>
      <file name="TopBlogs.jsx" path="/Users/abhishekjain/Desktop/Travelopedia-client/client/src/components/TopBlogs.jsx">
        <metrics statements="7" coveredstatements="7" conditionals="2" coveredconditionals="1" methods="4" coveredmethods="4"/>
        <line num="10" count="2" type="stmt"/>
        <line num="43" count="2" type="stmt"/>
        <line num="44" count="7" type="stmt"/>
        <line num="45" count="1" type="stmt"/>
        <line num="47" count="7" type="stmt"/>
        <line num="52" count="35" type="stmt"/>
        <line num="59" count="1" type="stmt"/>
      </file>
      <file name="UnderMaintainance_404.jsx" path="/Users/abhishekjain/Desktop/Travelopedia-client/client/src/components/UnderMaintainance_404.jsx">
        <metrics statements="1" coveredstatements="1" conditionals="0" coveredconditionals="0" methods="1" coveredmethods="1"/>
        <line num="6" count="2" type="stmt"/>
      </file>
    </package>
    <package name="components.ui">
      <metrics statements="53" coveredstatements="53" conditionals="13" coveredconditionals="11" methods="14" coveredmethods="14"/>
      <file name="button.tsx" path="/Users/abhishekjain/Desktop/Travelopedia-client/client/src/components/ui/button.tsx">
        <metrics statements="5" coveredstatements="5" conditionals="3" coveredconditionals="2" methods="1" coveredmethods="1"/>
        <line num="7" count="3" type="stmt"/>
        <line num="43" count="3" type="stmt"/>
        <line num="45" count="10" type="cond" truecount="1" falsecount="1"/>
        <line num="46" count="10" type="stmt"/>
        <line num="55" count="3" type="stmt"/>
      </file>
      <file name="input.tsx" path="/Users/abhishekjain/Desktop/Travelopedia-client/client/src/components/ui/input.tsx">
        <metrics statements="3" coveredstatements="3" conditionals="0" coveredconditionals="0" methods="1" coveredmethods="1"/>
        <line num="8" count="2" type="stmt"/>
        <line num="10" count="13" type="stmt"/>
        <line num="23" count="2" type="stmt"/>
      </file>
      <file name="label.tsx" path="/Users/abhishekjain/Desktop/Travelopedia-client/client/src/components/ui/label.tsx">
        <metrics statements="4" coveredstatements="4" conditionals="0" coveredconditionals="0" methods="1" coveredmethods="1"/>
        <line num="7" count="2" type="stmt"/>
        <line num="11" count="2" type="stmt"/>
        <line num="16" count="19" type="stmt"/>
        <line num="22" count="2" type="stmt"/>
      </file>
      <file name="popover.tsx" path="/Users/abhishekjain/Desktop/Travelopedia-client/client/src/components/ui/popover.tsx">
        <metrics statements="6" coveredstatements="6" conditionals="2" coveredconditionals="2" methods="1" coveredmethods="1"/>
        <line num="6" count="1" type="stmt"/>
        <line num="8" count="1" type="stmt"/>
        <line num="10" count="1" type="stmt"/>
        <line num="12" count="1" type="stmt"/>
        <line num="16" count="5" type="stmt"/>
        <line num="29" count="1" type="stmt"/>
      </file>
      <file name="progress.tsx" path="/Users/abhishekjain/Desktop/Travelopedia-client/client/src/components/ui/progress.tsx">
        <metrics statements="3" coveredstatements="3" conditionals="2" coveredconditionals="2" methods="1" coveredmethods="1"/>
        <line num="6" count="1" type="stmt"/>
        <line num="10" count="5" type="stmt"/>
        <line num="24" count="1" type="stmt"/>
      </file>
      <file name="scroll-area.tsx" path="/Users/abhishekjain/Desktop/Travelopedia-client/client/src/components/ui/scroll-area.tsx">
        <metrics statements="6" coveredstatements="6" conditionals="5" coveredconditionals="4" methods="2" coveredmethods="2"/>
        <line num="6" count="2" type="stmt"/>
        <line num="10" count="16" type="stmt"/>
        <line num="22" count="2" type="stmt"/>
        <line num="24" count="2" type="stmt"/>
        <line num="28" count="16" type="stmt"/>
        <line num="44" count="2" type="stmt"/>
      </file>
      <file name="sheet.tsx" path="/Users/abhishekjain/Desktop/Travelopedia-client/client/src/components/ui/sheet.tsx">
        <metrics statements="23" coveredstatements="23" conditionals="1" coveredconditionals="1" methods="6" coveredmethods="6"/>
        <line num="7" count="3" type="stmt"/>
        <line num="9" count="3" type="stmt"/>
        <line num="11" count="3" type="stmt"/>
        <line num="13" count="3" type="stmt"/>
        <line num="15" count="3" type="stmt"/>
        <line num="19" count="11" type="stmt"/>
        <line num="28" count="3" type="stmt"/>
        <line num="30" count="3" type="stmt"/>
        <line num="53" count="3" type="stmt"/>
        <line num="57" count="8" type="stmt"/>
        <line num="72" count="3" type="stmt"/>
        <line num="74" count="3" type="stmt"/>
        <line num="78" count="5" type="stmt"/>
        <line num="86" count="3" type="stmt"/>
        <line num="88" count="3" type="stmt"/>
        <line num="92" count="1" type="stmt"/>
        <line num="100" count="3" type="stmt"/>
        <line num="102" count="3" type="stmt"/>
        <line num="106" count="5" type="stmt"/>
        <line num="112" count="3" type="stmt"/>
        <line num="114" count="3" type="stmt"/>
        <line num="118" count="2" type="stmt"/>
        <line num="124" count="3" type="stmt"/>
      </file>
      <file name="textarea.tsx" path="/Users/abhishekjain/Desktop/Travelopedia-client/client/src/components/ui/textarea.tsx">
        <metrics statements="3" coveredstatements="3" conditionals="0" coveredconditionals="0" methods="1" coveredmethods="1"/>
        <line num="8" count="1" type="stmt"/>
        <line num="10" count="7" type="stmt"/>
        <line num="22" count="1" type="stmt"/>
      </file>
    </package>
    <package name="contexts">
      <metrics statements="29" coveredstatements="15" conditionals="6" coveredconditionals="3" methods="5" coveredmethods="3"/>
      <file name="AuthContext.tsx" path="/Users/abhishekjain/Desktop/Travelopedia-client/client/src/contexts/AuthContext.tsx">
        <metrics statements="29" coveredstatements="15" conditionals="6" coveredconditionals="3" methods="5" coveredmethods="3"/>
        <line num="10" count="2" type="stmt"/>
        <line num="12" count="2" type="stmt"/>
        <line num="13" count="3" type="stmt"/>
        <line num="14" count="3" type="cond" truecount="1" falsecount="1"/>
        <line num="15" count="0" type="stmt"/>
        <line num="17" count="3" type="stmt"/>
        <line num="20" count="2" type="stmt"/>
        <line num="21" count="3" type="stmt"/>
        <line num="22" count="3" type="stmt"/>
        <line num="24" count="3" type="stmt"/>
        <line num="25" count="3" type="stmt"/>
        <line num="26" count="3" type="stmt"/>
        <line num="27" count="3" type="cond" truecount="2" falsecount="2"/>
        <line num="28" count="0" type="stmt"/>
        <line num="29" count="0" type="stmt"/>
        <line num="33" count="3" type="stmt"/>
        <line num="34" count="0" type="stmt"/>
        <line num="35" count="0" type="stmt"/>
        <line num="36" count="0" type="stmt"/>
        <line num="37" count="0" type="stmt"/>
        <line num="40" count="3" type="stmt"/>
        <line num="41" count="0" type="stmt"/>
        <line num="42" count="0" type="stmt"/>
        <line num="43" count="0" type="stmt"/>
        <line num="44" count="0" type="stmt"/>
        <line num="45" count="0" type="stmt"/>
        <line num="46" count="0" type="stmt"/>
        <line num="47" count="0" type="stmt"/>
        <line num="50" count="3" type="stmt"/>
      </file>
    </package>
    <package name="lib">
      <metrics statements="1" coveredstatements="1" conditionals="0" coveredconditionals="0" methods="1" coveredmethods="1"/>
      <file name="utils.ts" path="/Users/abhishekjain/Desktop/Travelopedia-client/client/src/lib/utils.ts">
        <metrics statements="1" coveredstatements="1" conditionals="0" coveredconditionals="0" methods="1" coveredmethods="1"/>
        <line num="5" count="123" type="stmt"/>
      </file>
    </package>
  </project>
</coverage>
