{"/Users/abhishekjain/Desktop/Travelopedia-client/client/src/components/AboutUsPage.jsx": {"path":"/Users/abhishekjain/Desktop/Travelopedia-client/client/src/components/AboutUsPage.jsx","statementMap":{"0":{"start":{"line":8,"column":2},"end":{"line":59,"column":4}}},"fnMap":{"0":{"name":"AboutUsPage","decl":{"start":{"line":7,"column":9},"end":{"line":7,"column":20}},"loc":{"start":{"line":7,"column":23},"end":{"line":60,"column":1}},"line":7}},"branchMap":{},"s":{"0":1},"f":{"0":1},"b":{},"_coverageSchema":"1a1c01bbd47fc00a2c39e90264f33305004495a9","hash":"af7c8841ea25ce308acb430ed67b3835bc464adc"}
,"/Users/abhishekjain/Desktop/Travelopedia-client/client/src/components/BlogDetails.jsx": {"path":"/Users/abhishekjain/Desktop/Travelopedia-client/client/src/components/BlogDetails.jsx","statementMap":{"0":{"start":{"line":13,"column":20},"end":{"line":169,"column":1}},"1":{"start":{"line":14,"column":21},"end":{"line":14,"column":32}},"2":{"start":{"line":15,"column":26},"end":{"line":15,"column":40}},"3":{"start":{"line":16,"column":52},"end":{"line":16,"column":67}},"4":{"start":{"line":17,"column":19},"end":{"line":17,"column":32}},"5":{"start":{"line":18,"column":20},"end":{"line":18,"column":36}},"6":{"start":{"line":20,"column":2},"end":{"line":39,"column":15}},"7":{"start":{"line":22,"column":29},"end":{"line":37,"column":5}},"8":{"start":{"line":23,"column":6},"end":{"line":36,"column":7}},"9":{"start":{"line":24,"column":22},"end":{"line":24,"column":38}},"10":{"start":{"line":25,"column":25},"end":{"line":31,"column":10}},"11":{"start":{"line":32,"column":21},"end":{"line":32,"column":42}},"12":{"start":{"line":33,"column":8},"end":{"line":33,"column":22}},"13":{"start":{"line":35,"column":8},"end":{"line":35,"column":61}},"14":{"start":{"line":38,"column":4},"end":{"line":38,"column":23}},"15":{"start":{"line":41,"column":28},"end":{"line":65,"column":3}},"16":{"start":{"line":42,"column":16},"end":{"line":42,"column":26}},"17":{"start":{"line":43,"column":21},"end":{"line":43,"column":35}},"18":{"start":{"line":44,"column":26},"end":{"line":44,"column":61}},"19":{"start":{"line":46,"column":22},"end":{"line":53,"column":5}},"20":{"start":{"line":55,"column":4},"end":{"line":62,"column":5}},"21":{"start":{"line":56,"column":20},"end":{"line":56,"column":64}},"22":{"start":{"line":57,"column":6},"end":{"line":61,"column":7}},"23":{"start":{"line":58,"column":8},"end":{"line":60,"column":46}},"24":{"start":{"line":64,"column":4},"end":{"line":64,"column":22}},"25":{"start":{"line":67,"column":2},"end":{"line":69,"column":3}},"26":{"start":{"line":68,"column":4},"end":{"line":68,"column":33}},"27":{"start":{"line":71,"column":22},"end":{"line":77,"column":3}},"28":{"start":{"line":72,"column":4},"end":{"line":75,"column":5}},"29":{"start":{"line":73,"column":6},"end":{"line":73,"column":34}},"30":{"start":{"line":74,"column":6},"end":{"line":74,"column":47}},"31":{"start":{"line":76,"column":4},"end":{"line":76,"column":24}},"32":{"start":{"line":79,"column":2},"end":{"line":81,"column":3}},"33":{"start":{"line":80,"column":4},"end":{"line":80,"column":33}},"34":{"start":{"line":83,"column":26},"end":{"line":85,"column":3}},"35":{"start":{"line":84,"column":4},"end":{"line":84,"column":38}},"36":{"start":{"line":87,"column":22},"end":{"line":89,"column":3}},"37":{"start":{"line":88,"column":4},"end":{"line":88,"column":31}},"38":{"start":{"line":91,"column":28},"end":{"line":93,"column":3}},"39":{"start":{"line":92,"column":4},"end":{"line":92,"column":31}},"40":{"start":{"line":95,"column":30},"end":{"line":114,"column":3}},"41":{"start":{"line":96,"column":4},"end":{"line":96,"column":32}},"42":{"start":{"line":97,"column":18},"end":{"line":97,"column":34}},"43":{"start":{"line":98,"column":4},"end":{"line":113,"column":5}},"44":{"start":{"line":99,"column":23},"end":{"line":104,"column":8}},"45":{"start":{"line":106,"column":6},"end":{"line":110,"column":7}},"46":{"start":{"line":107,"column":8},"end":{"line":107,"column":27}},"47":{"start":{"line":109,"column":8},"end":{"line":109,"column":47}},"48":{"start":{"line":112,"column":6},"end":{"line":112,"column":51}},"49":{"start":{"line":116,"column":29},"end":{"line":118,"column":3}},"50":{"start":{"line":117,"column":4},"end":{"line":117,"column":32}},"51":{"start":{"line":120,"column":2},"end":{"line":168,"column":4}},"52":{"start":{"line":148,"column":16},"end":{"line":148,"column":67}}},"fnMap":{"0":{"name":"(anonymous_0)","decl":{"start":{"line":13,"column":20},"end":{"line":13,"column":21}},"loc":{"start":{"line":13,"column":26},"end":{"line":169,"column":1}},"line":13},"1":{"name":"(anonymous_1)","decl":{"start":{"line":20,"column":12},"end":{"line":20,"column":13}},"loc":{"start":{"line":20,"column":18},"end":{"line":39,"column":3}},"line":20},"2":{"name":"(anonymous_2)","decl":{"start":{"line":22,"column":29},"end":{"line":22,"column":30}},"loc":{"start":{"line":22,"column":41},"end":{"line":37,"column":5}},"line":22},"3":{"name":"(anonymous_3)","decl":{"start":{"line":41,"column":28},"end":{"line":41,"column":29}},"loc":{"start":{"line":41,"column":38},"end":{"line":65,"column":3}},"line":41},"4":{"name":"(anonymous_4)","decl":{"start":{"line":71,"column":22},"end":{"line":71,"column":23}},"loc":{"start":{"line":71,"column":33},"end":{"line":77,"column":3}},"line":71},"5":{"name":"(anonymous_5)","decl":{"start":{"line":83,"column":26},"end":{"line":83,"column":27}},"loc":{"start":{"line":83,"column":32},"end":{"line":85,"column":3}},"line":83},"6":{"name":"(anonymous_6)","decl":{"start":{"line":87,"column":22},"end":{"line":87,"column":23}},"loc":{"start":{"line":87,"column":33},"end":{"line":89,"column":3}},"line":87},"7":{"name":"(anonymous_7)","decl":{"start":{"line":91,"column":28},"end":{"line":91,"column":29}},"loc":{"start":{"line":91,"column":34},"end":{"line":93,"column":3}},"line":91},"8":{"name":"(anonymous_8)","decl":{"start":{"line":95,"column":30},"end":{"line":95,"column":31}},"loc":{"start":{"line":95,"column":42},"end":{"line":114,"column":3}},"line":95},"9":{"name":"(anonymous_9)","decl":{"start":{"line":116,"column":29},"end":{"line":116,"column":30}},"loc":{"start":{"line":116,"column":35},"end":{"line":118,"column":3}},"line":116},"10":{"name":"(anonymous_10)","decl":{"start":{"line":147,"column":41},"end":{"line":147,"column":42}},"loc":{"start":{"line":148,"column":16},"end":{"line":148,"column":67}},"line":148}},"branchMap":{"0":{"loc":{"start":{"line":57,"column":6},"end":{"line":61,"column":7}},"type":"if","locations":[{"start":{"line":57,"column":6},"end":{"line":61,"column":7}},{"start":{},"end":{}}],"line":57},"1":{"loc":{"start":{"line":58,"column":15},"end":{"line":60,"column":45}},"type":"cond-expr","locations":[{"start":{"line":59,"column":12},"end":{"line":59,"column":37}},{"start":{"line":60,"column":12},"end":{"line":60,"column":45}}],"line":58},"2":{"loc":{"start":{"line":67,"column":2},"end":{"line":69,"column":3}},"type":"if","locations":[{"start":{"line":67,"column":2},"end":{"line":69,"column":3}},{"start":{},"end":{}}],"line":67},"3":{"loc":{"start":{"line":72,"column":4},"end":{"line":75,"column":5}},"type":"if","locations":[{"start":{"line":72,"column":4},"end":{"line":75,"column":5}},{"start":{},"end":{}}],"line":72},"4":{"loc":{"start":{"line":79,"column":2},"end":{"line":81,"column":3}},"type":"if","locations":[{"start":{"line":79,"column":2},"end":{"line":81,"column":3}},{"start":{},"end":{}}],"line":79},"5":{"loc":{"start":{"line":106,"column":6},"end":{"line":110,"column":7}},"type":"if","locations":[{"start":{"line":106,"column":6},"end":{"line":110,"column":7}},{"start":{"line":108,"column":13},"end":{"line":110,"column":7}}],"line":106},"6":{"loc":{"start":{"line":130,"column":13},"end":{"line":139,"column":13}},"type":"binary-expr","locations":[{"start":{"line":130,"column":13},"end":{"line":130,"column":53}},{"start":{"line":131,"column":14},"end":{"line":138,"column":22}}],"line":130}},"s":{"0":1,"1":4,"2":4,"3":4,"4":4,"5":4,"6":4,"7":2,"8":2,"9":2,"10":2,"11":2,"12":2,"13":0,"14":2,"15":4,"16":2,"17":2,"18":2,"19":2,"20":2,"21":12,"22":12,"23":0,"24":2,"25":4,"26":2,"27":2,"28":2,"29":0,"30":0,"31":2,"32":2,"33":0,"34":2,"35":0,"36":2,"37":2,"38":2,"39":0,"40":2,"41":0,"42":0,"43":0,"44":0,"45":0,"46":0,"47":0,"48":0,"49":2,"50":0,"51":2,"52":4},"f":{"0":4,"1":2,"2":2,"3":2,"4":2,"5":0,"6":2,"7":0,"8":0,"9":0,"10":4},"b":{"0":[0,12],"1":[0,0],"2":[2,2],"3":[0,2],"4":[0,2],"5":[0,0],"6":[2,0]},"_coverageSchema":"1a1c01bbd47fc00a2c39e90264f33305004495a9","hash":"d9131a05df30a9a4b5d8fe0b5a4eb07980f62fd7"}
,"/Users/abhishekjain/Desktop/Travelopedia-client/client/src/components/Blogs.jsx": {"path":"/Users/abhishekjain/Desktop/Travelopedia-client/client/src/components/Blogs.jsx","statementMap":{"0":{"start":{"line":5,"column":2},"end":{"line":7,"column":4}}},"fnMap":{"0":{"name":"Blogs","decl":{"start":{"line":4,"column":16},"end":{"line":4,"column":21}},"loc":{"start":{"line":4,"column":23},"end":{"line":8,"column":1}},"line":4}},"branchMap":{},"s":{"0":1},"f":{"0":1},"b":{},"_coverageSchema":"1a1c01bbd47fc00a2c39e90264f33305004495a9","hash":"1552b2724fcef406579e65db1b2fa3871a4ac23e"}
,"/Users/abhishekjain/Desktop/Travelopedia-client/client/src/components/BudgetProcess.jsx": {"path":"/Users/abhishekjain/Desktop/Travelopedia-client/client/src/components/BudgetProcess.jsx","statementMap":{"0":{"start":{"line":4,"column":22},"end":{"line":29,"column":1}},"1":{"start":{"line":5,"column":2},"end":{"line":28,"column":4}},"2":{"start":{"line":10,"column":10},"end":{"line":24,"column":16}},"3":{"start":{"line":31,"column":0},"end":{"line":33,"column":2}}},"fnMap":{"0":{"name":"(anonymous_0)","decl":{"start":{"line":4,"column":22},"end":{"line":4,"column":23}},"loc":{"start":{"line":4,"column":36},"end":{"line":29,"column":1}},"line":4},"1":{"name":"(anonymous_1)","decl":{"start":{"line":9,"column":56},"end":{"line":9,"column":57}},"loc":{"start":{"line":10,"column":10},"end":{"line":24,"column":16}},"line":10}},"branchMap":{"0":{"loc":{"start":{"line":14,"column":18},"end":{"line":18,"column":49}},"type":"cond-expr","locations":[{"start":{"line":15,"column":22},"end":{"line":15,"column":46}},{"start":{"line":16,"column":22},"end":{"line":18,"column":49}}],"line":14},"1":{"loc":{"start":{"line":16,"column":22},"end":{"line":18,"column":49}},"type":"cond-expr","locations":[{"start":{"line":17,"column":22},"end":{"line":17,"column":47}},{"start":{"line":18,"column":22},"end":{"line":18,"column":49}}],"line":16},"2":{"loc":{"start":{"line":21,"column":15},"end":{"line":21,"column":49}},"type":"cond-expr","locations":[{"start":{"line":21,"column":34},"end":{"line":21,"column":37}},{"start":{"line":21,"column":40},"end":{"line":21,"column":49}}],"line":21}},"s":{"0":1,"1":5,"2":15,"3":1},"f":{"0":5,"1":15},"b":{"0":[5,10],"1":[5,5],"2":[5,10]},"_coverageSchema":"1a1c01bbd47fc00a2c39e90264f33305004495a9","hash":"5459521466635e34c5862cbda2450e1f5dbe9ff2"}
,"/Users/abhishekjain/Desktop/Travelopedia-client/client/src/components/ConfirmDialog.jsx": {"path":"/Users/abhishekjain/Desktop/Travelopedia-client/client/src/components/ConfirmDialog.jsx","statementMap":{"0":{"start":{"line":4,"column":22},"end":{"line":25,"column":1}},"1":{"start":{"line":5,"column":2},"end":{"line":7,"column":3}},"2":{"start":{"line":6,"column":4},"end":{"line":6,"column":16}},"3":{"start":{"line":9,"column":2},"end":{"line":24,"column":4}}},"fnMap":{"0":{"name":"(anonymous_0)","decl":{"start":{"line":4,"column":22},"end":{"line":4,"column":23}},"loc":{"start":{"line":4,"column":73},"end":{"line":25,"column":1}},"line":4}},"branchMap":{"0":{"loc":{"start":{"line":5,"column":2},"end":{"line":7,"column":3}},"type":"if","locations":[{"start":{"line":5,"column":2},"end":{"line":7,"column":3}},{"start":{},"end":{}}],"line":5}},"s":{"0":2,"1":7,"2":3,"3":4},"f":{"0":7},"b":{"0":[3,4]},"_coverageSchema":"1a1c01bbd47fc00a2c39e90264f33305004495a9","hash":"a5b6088a1d83b7f3bc97f0dbc2b3604ef820ffbb"}
,"/Users/abhishekjain/Desktop/Travelopedia-client/client/src/components/CustomBudget.jsx": {"path":"/Users/abhishekjain/Desktop/Travelopedia-client/client/src/components/CustomBudget.jsx","statementMap":{"0":{"start":{"line":10,"column":21},"end":{"line":19,"column":3}},"1":{"start":{"line":21,"column":32},"end":{"line":32,"column":3}},"2":{"start":{"line":35,"column":36},"end":{"line":35,"column":48}},"3":{"start":{"line":36,"column":30},"end":{"line":36,"column":42}},"4":{"start":{"line":37,"column":51},"end":{"line":37,"column":63}},"5":{"start":{"line":38,"column":34},"end":{"line":38,"column":49}},"6":{"start":{"line":40,"column":23},"end":{"line":54,"column":5}},"7":{"start":{"line":41,"column":8},"end":{"line":41,"column":25}},"8":{"start":{"line":42,"column":19},"end":{"line":47,"column":9}},"9":{"start":{"line":48,"column":8},"end":{"line":48,"column":42}},"10":{"start":{"line":49,"column":8},"end":{"line":49,"column":33}},"11":{"start":{"line":50,"column":8},"end":{"line":50,"column":25}},"12":{"start":{"line":51,"column":8},"end":{"line":51,"column":26}},"13":{"start":{"line":52,"column":8},"end":{"line":52,"column":61}},"14":{"start":{"line":53,"column":8},"end":{"line":53,"column":59}},"15":{"start":{"line":56,"column":4},"end":{"line":101,"column":6}},"16":{"start":{"line":67,"column":37},"end":{"line":67,"column":64}},"17":{"start":{"line":78,"column":39},"end":{"line":78,"column":63}}},"fnMap":{"0":{"name":"CustomBudget","decl":{"start":{"line":34,"column":9},"end":{"line":34,"column":21}},"loc":{"start":{"line":34,"column":23},"end":{"line":102,"column":1}},"line":34},"1":{"name":"(anonymous_1)","decl":{"start":{"line":40,"column":23},"end":{"line":40,"column":24}},"loc":{"start":{"line":40,"column":29},"end":{"line":54,"column":5}},"line":40},"2":{"name":"(anonymous_2)","decl":{"start":{"line":67,"column":30},"end":{"line":67,"column":31}},"loc":{"start":{"line":67,"column":37},"end":{"line":67,"column":64}},"line":67},"3":{"name":"(anonymous_3)","decl":{"start":{"line":78,"column":32},"end":{"line":78,"column":33}},"loc":{"start":{"line":78,"column":39},"end":{"line":78,"column":63}},"line":78}},"branchMap":{"0":{"loc":{"start":{"line":91,"column":13},"end":{"line":99,"column":9}},"type":"binary-expr","locations":[{"start":{"line":91,"column":13},"end":{"line":91,"column":20}},{"start":{"line":92,"column":10},"end":{"line":98,"column":16}}],"line":91}},"s":{"0":1,"1":1,"2":8,"3":8,"4":8,"5":8,"6":8,"7":1,"8":1,"9":1,"10":1,"11":1,"12":1,"13":1,"14":1,"15":8,"16":2,"17":2},"f":{"0":8,"1":1,"2":2,"3":2},"b":{"0":[8,0]},"_coverageSchema":"1a1c01bbd47fc00a2c39e90264f33305004495a9","hash":"9b6b5472cff8b2927395068e95cf93c0dc8ce2ab"}
,"/Users/abhishekjain/Desktop/Travelopedia-client/client/src/components/ExistingBudgets.jsx": {"path":"/Users/abhishekjain/Desktop/Travelopedia-client/client/src/components/ExistingBudgets.jsx","statementMap":{"0":{"start":{"line":7,"column":52},"end":{"line":7,"column":64}},"1":{"start":{"line":8,"column":32},"end":{"line":8,"column":44}},"2":{"start":{"line":10,"column":23},"end":{"line":16,"column":3}},"3":{"start":{"line":11,"column":17},"end":{"line":11,"column":38}},"4":{"start":{"line":12,"column":4},"end":{"line":15,"column":5}},"5":{"start":{"line":13,"column":6},"end":{"line":13,"column":23}},"6":{"start":{"line":18,"column":2},"end":{"line":20,"column":20}},"7":{"start":{"line":19,"column":4},"end":{"line":19,"column":19}},"8":{"start":{"line":22,"column":2},"end":{"line":24,"column":9}},"9":{"start":{"line":23,"column":4},"end":{"line":23,"column":19}},"10":{"start":{"line":26,"column":29},"end":{"line":46,"column":3}},"11":{"start":{"line":27,"column":4},"end":{"line":45,"column":5}},"12":{"start":{"line":28,"column":23},"end":{"line":28,"column":62}},"13":{"start":{"line":29,"column":25},"end":{"line":29,"column":60}},"14":{"start":{"line":31,"column":6},"end":{"line":31,"column":82}},"15":{"start":{"line":33,"column":21},"end":{"line":33,"column":61}},"16":{"start":{"line":35,"column":6},"end":{"line":41,"column":7}},"17":{"start":{"line":36,"column":27},"end":{"line":36,"column":78}},"18":{"start":{"line":36,"column":56},"end":{"line":36,"column":77}},"19":{"start":{"line":37,"column":8},"end":{"line":37,"column":31}},"20":{"start":{"line":38,"column":8},"end":{"line":38,"column":53}},"21":{"start":{"line":40,"column":8},"end":{"line":40,"column":65}},"22":{"start":{"line":43,"column":6},"end":{"line":43,"column":53}},"23":{"start":{"line":44,"column":6},"end":{"line":44,"column":65}},"24":{"start":{"line":48,"column":21},"end":{"line":50,"column":18}},"25":{"start":{"line":49,"column":4},"end":{"line":49,"column":88}},"26":{"start":{"line":49,"column":60},"end":{"line":49,"column":83}},"27":{"start":{"line":52,"column":2},"end":{"line":90,"column":4}},"28":{"start":{"line":65,"column":12},"end":{"line":85,"column":18}},"29":{"start":{"line":69,"column":33},"end":{"line":69,"column":58}},"30":{"start":{"line":77,"column":18},"end":{"line":82,"column":24}}},"fnMap":{"0":{"name":"ExistingBudgets","decl":{"start":{"line":6,"column":9},"end":{"line":6,"column":24}},"loc":{"start":{"line":6,"column":27},"end":{"line":91,"column":1}},"line":6},"1":{"name":"(anonymous_1)","decl":{"start":{"line":10,"column":23},"end":{"line":10,"column":24}},"loc":{"start":{"line":10,"column":35},"end":{"line":16,"column":3}},"line":10},"2":{"name":"(anonymous_2)","decl":{"start":{"line":18,"column":12},"end":{"line":18,"column":13}},"loc":{"start":{"line":18,"column":18},"end":{"line":20,"column":3}},"line":18},"3":{"name":"(anonymous_3)","decl":{"start":{"line":22,"column":12},"end":{"line":22,"column":13}},"loc":{"start":{"line":22,"column":18},"end":{"line":24,"column":3}},"line":22},"4":{"name":"(anonymous_4)","decl":{"start":{"line":26,"column":29},"end":{"line":26,"column":30}},"loc":{"start":{"line":26,"column":52},"end":{"line":46,"column":3}},"line":26},"5":{"name":"(anonymous_5)","decl":{"start":{"line":36,"column":42},"end":{"line":36,"column":43}},"loc":{"start":{"line":36,"column":56},"end":{"line":36,"column":77}},"line":36},"6":{"name":"(anonymous_6)","decl":{"start":{"line":48,"column":36},"end":{"line":48,"column":37}},"loc":{"start":{"line":48,"column":60},"end":{"line":50,"column":3}},"line":48},"7":{"name":"(anonymous_7)","decl":{"start":{"line":49,"column":38},"end":{"line":49,"column":39}},"loc":{"start":{"line":49,"column":60},"end":{"line":49,"column":83}},"line":49},"8":{"name":"(anonymous_8)","decl":{"start":{"line":64,"column":22},"end":{"line":64,"column":23}},"loc":{"start":{"line":65,"column":12},"end":{"line":85,"column":18}},"line":65},"9":{"name":"(anonymous_9)","decl":{"start":{"line":69,"column":27},"end":{"line":69,"column":28}},"loc":{"start":{"line":69,"column":33},"end":{"line":69,"column":58}},"line":69},"10":{"name":"(anonymous_10)","decl":{"start":{"line":76,"column":33},"end":{"line":76,"column":34}},"loc":{"start":{"line":77,"column":18},"end":{"line":82,"column":24}},"line":77}},"branchMap":{"0":{"loc":{"start":{"line":12,"column":4},"end":{"line":15,"column":5}},"type":"if","locations":[{"start":{"line":12,"column":4},"end":{"line":15,"column":5}},{"start":{},"end":{}}],"line":12},"1":{"loc":{"start":{"line":35,"column":6},"end":{"line":41,"column":7}},"type":"if","locations":[{"start":{"line":35,"column":6},"end":{"line":41,"column":7}},{"start":{"line":39,"column":13},"end":{"line":41,"column":7}}],"line":35},"2":{"loc":{"start":{"line":40,"column":20},"end":{"line":40,"column":63}},"type":"binary-expr","locations":[{"start":{"line":40,"column":20},"end":{"line":40,"column":34}},{"start":{"line":40,"column":38},"end":{"line":40,"column":63}}],"line":40},"3":{"loc":{"start":{"line":59,"column":9},"end":{"line":87,"column":9}},"type":"cond-expr","locations":[{"start":{"line":60,"column":10},"end":{"line":62,"column":16}},{"start":{"line":64,"column":10},"end":{"line":86,"column":12}}],"line":59}},"s":{"0":9,"1":9,"2":9,"3":8,"4":8,"5":4,"6":9,"7":4,"8":9,"9":4,"10":9,"11":2,"12":2,"13":2,"14":2,"15":2,"16":2,"17":1,"18":2,"19":1,"20":1,"21":1,"22":0,"23":0,"24":9,"25":6,"26":6,"27":9,"28":6,"29":2,"30":6},"f":{"0":9,"1":8,"2":4,"3":4,"4":2,"5":2,"6":6,"7":6,"8":6,"9":2,"10":6},"b":{"0":[4,4],"1":[1,1],"2":[1,0],"3":[5,4]},"_coverageSchema":"1a1c01bbd47fc00a2c39e90264f33305004495a9","hash":"9cf91a01df237ca59fe7c6784938ce343f30ebe9"}
,"/Users/abhishekjain/Desktop/Travelopedia-client/client/src/components/Footer.jsx": {"path":"/Users/abhishekjain/Desktop/Travelopedia-client/client/src/components/Footer.jsx","statementMap":{"0":{"start":{"line":6,"column":15},"end":{"line":47,"column":1}},"1":{"start":{"line":7,"column":4},"end":{"line":46,"column":6}}},"fnMap":{"0":{"name":"(anonymous_0)","decl":{"start":{"line":6,"column":15},"end":{"line":6,"column":16}},"loc":{"start":{"line":6,"column":21},"end":{"line":47,"column":1}},"line":6}},"branchMap":{},"s":{"0":3,"1":5},"f":{"0":5},"b":{},"_coverageSchema":"1a1c01bbd47fc00a2c39e90264f33305004495a9","hash":"4adc6ee526bba95b626b645e32c3ab6a4663edc8"}
,"/Users/abhishekjain/Desktop/Travelopedia-client/client/src/components/Header.jsx": {"path":"/Users/abhishekjain/Desktop/Travelopedia-client/client/src/components/Header.jsx","statementMap":{"0":{"start":{"line":20,"column":15},"end":{"line":108,"column":1}},"1":{"start":{"line":21,"column":30},"end":{"line":21,"column":39}},"2":{"start":{"line":23,"column":19},"end":{"line":34,"column":3}},"3":{"start":{"line":36,"column":27},"end":{"line":47,"column":4}},"4":{"start":{"line":37,"column":4},"end":{"line":46,"column":5}},"5":{"start":{"line":38,"column":6},"end":{"line":38,"column":60}},"6":{"start":{"line":40,"column":6},"end":{"line":45,"column":8}},"7":{"start":{"line":49,"column":2},"end":{"line":107,"column":4}},"8":{"start":{"line":60,"column":14},"end":{"line":67,"column":19}},"9":{"start":{"line":91,"column":18},"end":{"line":99,"column":23}}},"fnMap":{"0":{"name":"(anonymous_0)","decl":{"start":{"line":20,"column":15},"end":{"line":20,"column":16}},"loc":{"start":{"line":20,"column":21},"end":{"line":108,"column":1}},"line":20},"1":{"name":"(anonymous_1)","decl":{"start":{"line":36,"column":43},"end":{"line":36,"column":44}},"loc":{"start":{"line":36,"column":53},"end":{"line":47,"column":3}},"line":36},"2":{"name":"(anonymous_2)","decl":{"start":{"line":59,"column":34},"end":{"line":59,"column":35}},"loc":{"start":{"line":60,"column":14},"end":{"line":67,"column":19}},"line":60},"3":{"name":"(anonymous_3)","decl":{"start":{"line":90,"column":30},"end":{"line":90,"column":31}},"loc":{"start":{"line":91,"column":18},"end":{"line":99,"column":23}},"line":91}},"branchMap":{"0":{"loc":{"start":{"line":37,"column":4},"end":{"line":46,"column":5}},"type":"if","locations":[{"start":{"line":37,"column":4},"end":{"line":46,"column":5}},{"start":{"line":39,"column":11},"end":{"line":46,"column":5}}],"line":37},"1":{"loc":{"start":{"line":38,"column":13},"end":{"line":38,"column":59}},"type":"binary-expr","locations":[{"start":{"line":38,"column":13},"end":{"line":38,"column":34}},{"start":{"line":38,"column":38},"end":{"line":38,"column":59}}],"line":38},"2":{"loc":{"start":{"line":41,"column":8},"end":{"line":44,"column":31}},"type":"binary-expr","locations":[{"start":{"line":41,"column":8},"end":{"line":41,"column":23}},{"start":{"line":42,"column":8},"end":{"line":42,"column":29}},{"start":{"line":43,"column":8},"end":{"line":43,"column":29}},{"start":{"line":44,"column":8},"end":{"line":44,"column":31}}],"line":41}},"s":{"0":2,"1":3,"2":3,"3":3,"4":30,"5":0,"6":30,"7":3,"8":12,"9":30},"f":{"0":3,"1":30,"2":12,"3":30},"b":{"0":[0,30],"1":[0,0],"2":[30,27,24,21]},"_coverageSchema":"1a1c01bbd47fc00a2c39e90264f33305004495a9","hash":"75ff24cdafadc5f7fee886e1b7d58cdceee1b4da"}
,"/Users/abhishekjain/Desktop/Travelopedia-client/client/src/components/ProtectedRoute.tsx": {"path":"/Users/abhishekjain/Desktop/Travelopedia-client/client/src/components/ProtectedRoute.tsx","statementMap":{"0":{"start":{"line":9,"column":54},"end":{"line":26,"column":1}},"1":{"start":{"line":10,"column":30},"end":{"line":10,"column":39}},"2":{"start":{"line":11,"column":19},"end":{"line":11,"column":32}},"3":{"start":{"line":12,"column":16},"end":{"line":12,"column":45}},"4":{"start":{"line":13,"column":15},"end":{"line":13,"column":43}},"5":{"start":{"line":15,"column":2},"end":{"line":17,"column":24}},"6":{"start":{"line":19,"column":2},"end":{"line":23,"column":3}},"7":{"start":{"line":20,"column":4},"end":{"line":22,"column":5}},"8":{"start":{"line":21,"column":6},"end":{"line":21,"column":74}},"9":{"start":{"line":25,"column":2},"end":{"line":25,"column":25}}},"fnMap":{"0":{"name":"(anonymous_0)","decl":{"start":{"line":9,"column":54},"end":{"line":9,"column":55}},"loc":{"start":{"line":9,"column":72},"end":{"line":26,"column":1}},"line":9},"1":{"name":"(anonymous_1)","decl":{"start":{"line":15,"column":12},"end":{"line":15,"column":13}},"loc":{"start":{"line":15,"column":18},"end":{"line":17,"column":3}},"line":15}},"branchMap":{"0":{"loc":{"start":{"line":19,"column":2},"end":{"line":23,"column":3}},"type":"if","locations":[{"start":{"line":19,"column":2},"end":{"line":23,"column":3}},{"start":{},"end":{}}],"line":19},"1":{"loc":{"start":{"line":19,"column":6},"end":{"line":19,"column":21}},"type":"binary-expr","locations":[{"start":{"line":19,"column":6},"end":{"line":19,"column":12}},{"start":{"line":19,"column":16},"end":{"line":19,"column":21}}],"line":19},"2":{"loc":{"start":{"line":20,"column":4},"end":{"line":22,"column":5}},"type":"if","locations":[{"start":{"line":20,"column":4},"end":{"line":22,"column":5}},{"start":{},"end":{}}],"line":20}},"s":{"0":1,"1":3,"2":3,"3":3,"4":3,"5":3,"6":3,"7":2,"8":1,"9":2},"f":{"0":3,"1":3},"b":{"0":[2,1],"1":[3,1],"2":[1,1]},"_coverageSchema":"1a1c01bbd47fc00a2c39e90264f33305004495a9","hash":"f6b6aa257e4c1ba7d1dfa2696a9c0dcb6ba92f13"}
,"/Users/abhishekjain/Desktop/Travelopedia-client/client/src/components/TopBlogs.jsx": {"path":"/Users/abhishekjain/Desktop/Travelopedia-client/client/src/components/TopBlogs.jsx","statementMap":{"0":{"start":{"line":10,"column":17},"end":{"line":41,"column":1}},"1":{"start":{"line":43,"column":17},"end":{"line":74,"column":1}},"2":{"start":{"line":44,"column":26},"end":{"line":46,"column":3}},"3":{"start":{"line":45,"column":4},"end":{"line":45,"column":31}},"4":{"start":{"line":47,"column":2},"end":{"line":73,"column":4}},"5":{"start":{"line":52,"column":10},"end":{"line":69,"column":16}},"6":{"start":{"line":59,"column":33},"end":{"line":59,"column":58}}},"fnMap":{"0":{"name":"(anonymous_0)","decl":{"start":{"line":43,"column":17},"end":{"line":43,"column":18}},"loc":{"start":{"line":43,"column":23},"end":{"line":74,"column":1}},"line":43},"1":{"name":"(anonymous_1)","decl":{"start":{"line":44,"column":26},"end":{"line":44,"column":27}},"loc":{"start":{"line":44,"column":35},"end":{"line":46,"column":3}},"line":44},"2":{"name":"(anonymous_2)","decl":{"start":{"line":51,"column":22},"end":{"line":51,"column":23}},"loc":{"start":{"line":52,"column":10},"end":{"line":69,"column":16}},"line":52},"3":{"name":"(anonymous_3)","decl":{"start":{"line":59,"column":27},"end":{"line":59,"column":28}},"loc":{"start":{"line":59,"column":33},"end":{"line":59,"column":58}},"line":59}},"branchMap":{"0":{"loc":{"start":{"line":55,"column":15},"end":{"line":67,"column":15}},"type":"cond-expr","locations":[{"start":{"line":56,"column":16},"end":{"line":62,"column":20}},{"start":{"line":64,"column":16},"end":{"line":66,"column":23}}],"line":55}},"s":{"0":2,"1":2,"2":7,"3":1,"4":7,"5":35,"6":1},"f":{"0":7,"1":1,"2":35,"3":1},"b":{"0":[35,0]},"_coverageSchema":"1a1c01bbd47fc00a2c39e90264f33305004495a9","hash":"bd19263570d9e35f6acbd79d394256ddcc1ab645"}
,"/Users/abhishekjain/Desktop/Travelopedia-client/client/src/components/UnderMaintainance_404.jsx": {"path":"/Users/abhishekjain/Desktop/Travelopedia-client/client/src/components/UnderMaintainance_404.jsx","statementMap":{"0":{"start":{"line":6,"column":2},"end":{"line":30,"column":4}}},"fnMap":{"0":{"name":"UnderMaintainance","decl":{"start":{"line":5,"column":16},"end":{"line":5,"column":33}},"loc":{"start":{"line":5,"column":36},"end":{"line":31,"column":1}},"line":5}},"branchMap":{},"s":{"0":2},"f":{"0":2},"b":{},"_coverageSchema":"1a1c01bbd47fc00a2c39e90264f33305004495a9","hash":"4d9a58f7ada82b26057502fe1d208b44ab8ead0c"}
,"/Users/abhishekjain/Desktop/Travelopedia-client/client/src/components/ui/button.tsx": {"path":"/Users/abhishekjain/Desktop/Travelopedia-client/client/src/components/ui/button.tsx","statementMap":{"0":{"start":{"line":7,"column":23},"end":{"line":35,"column":1}},"1":{"start":{"line":43,"column":15},"end":{"line":54,"column":1}},"2":{"start":{"line":45,"column":17},"end":{"line":45,"column":42}},"3":{"start":{"line":46,"column":4},"end":{"line":52,"column":5}},"4":{"start":{"line":55,"column":0},"end":{"line":55,"column":29}}},"fnMap":{"0":{"name":"(anonymous_0)","decl":{"start":{"line":44,"column":2},"end":{"line":44,"column":3}},"loc":{"start":{"line":44,"column":68},"end":{"line":53,"column":3}},"line":44}},"branchMap":{"0":{"loc":{"start":{"line":44,"column":31},"end":{"line":44,"column":46}},"type":"default-arg","locations":[{"start":{"line":44,"column":41},"end":{"line":44,"column":46}}],"line":44},"1":{"loc":{"start":{"line":45,"column":17},"end":{"line":45,"column":42}},"type":"cond-expr","locations":[{"start":{"line":45,"column":27},"end":{"line":45,"column":31}},{"start":{"line":45,"column":34},"end":{"line":45,"column":42}}],"line":45}},"s":{"0":3,"1":3,"2":10,"3":10,"4":3},"f":{"0":10},"b":{"0":[10],"1":[0,10]},"_coverageSchema":"1a1c01bbd47fc00a2c39e90264f33305004495a9","hash":"0b93e486e672b207c6a3da459b4f924149b6dc9c"}
,"/Users/abhishekjain/Desktop/Travelopedia-client/client/src/components/ui/input.tsx": {"path":"/Users/abhishekjain/Desktop/Travelopedia-client/client/src/components/ui/input.tsx","statementMap":{"0":{"start":{"line":8,"column":14},"end":{"line":22,"column":1}},"1":{"start":{"line":10,"column":4},"end":{"line":20,"column":5}},"2":{"start":{"line":23,"column":0},"end":{"line":23,"column":27}}},"fnMap":{"0":{"name":"(anonymous_0)","decl":{"start":{"line":9,"column":2},"end":{"line":9,"column":3}},"loc":{"start":{"line":9,"column":42},"end":{"line":21,"column":3}},"line":9}},"branchMap":{},"s":{"0":2,"1":13,"2":2},"f":{"0":13},"b":{},"_coverageSchema":"1a1c01bbd47fc00a2c39e90264f33305004495a9","hash":"9e1bdc03f1365e2beabda2ea4ad9ebc71a4ab9c4"}
,"/Users/abhishekjain/Desktop/Travelopedia-client/client/src/components/ui/label.tsx": {"path":"/Users/abhishekjain/Desktop/Travelopedia-client/client/src/components/ui/label.tsx","statementMap":{"0":{"start":{"line":7,"column":22},"end":{"line":9,"column":1}},"1":{"start":{"line":11,"column":14},"end":{"line":21,"column":2}},"2":{"start":{"line":16,"column":2},"end":{"line":20,"column":4}},"3":{"start":{"line":22,"column":0},"end":{"line":22,"column":51}}},"fnMap":{"0":{"name":"(anonymous_0)","decl":{"start":{"line":15,"column":2},"end":{"line":15,"column":3}},"loc":{"start":{"line":16,"column":2},"end":{"line":20,"column":4}},"line":16}},"branchMap":{},"s":{"0":2,"1":2,"2":19,"3":2},"f":{"0":19},"b":{},"_coverageSchema":"1a1c01bbd47fc00a2c39e90264f33305004495a9","hash":"5c71c01be7bde83709f48470243768582d9398e0"}
,"/Users/abhishekjain/Desktop/Travelopedia-client/client/src/components/ui/popover.tsx": {"path":"/Users/abhishekjain/Desktop/Travelopedia-client/client/src/components/ui/popover.tsx","statementMap":{"0":{"start":{"line":6,"column":16},"end":{"line":6,"column":37}},"1":{"start":{"line":8,"column":23},"end":{"line":8,"column":47}},"2":{"start":{"line":10,"column":22},"end":{"line":10,"column":45}},"3":{"start":{"line":12,"column":23},"end":{"line":28,"column":2}},"4":{"start":{"line":16,"column":2},"end":{"line":27,"column":28}},"5":{"start":{"line":29,"column":0},"end":{"line":29,"column":65}}},"fnMap":{"0":{"name":"(anonymous_0)","decl":{"start":{"line":15,"column":2},"end":{"line":15,"column":3}},"loc":{"start":{"line":16,"column":2},"end":{"line":27,"column":28}},"line":16}},"branchMap":{"0":{"loc":{"start":{"line":15,"column":16},"end":{"line":15,"column":32}},"type":"default-arg","locations":[{"start":{"line":15,"column":24},"end":{"line":15,"column":32}}],"line":15},"1":{"loc":{"start":{"line":15,"column":34},"end":{"line":15,"column":48}},"type":"default-arg","locations":[{"start":{"line":15,"column":47},"end":{"line":15,"column":48}}],"line":15}},"s":{"0":1,"1":1,"2":1,"3":1,"4":5,"5":1},"f":{"0":5},"b":{"0":[4],"1":[4]},"_coverageSchema":"1a1c01bbd47fc00a2c39e90264f33305004495a9","hash":"3ff208ce9b3330d7092d3a1c40f0eb5dcb1574ba"}
,"/Users/abhishekjain/Desktop/Travelopedia-client/client/src/components/ui/progress.tsx": {"path":"/Users/abhishekjain/Desktop/Travelopedia-client/client/src/components/ui/progress.tsx","statementMap":{"0":{"start":{"line":6,"column":17},"end":{"line":23,"column":2}},"1":{"start":{"line":10,"column":2},"end":{"line":22,"column":27}},"2":{"start":{"line":24,"column":0},"end":{"line":24,"column":57}}},"fnMap":{"0":{"name":"(anonymous_0)","decl":{"start":{"line":9,"column":2},"end":{"line":9,"column":3}},"loc":{"start":{"line":10,"column":2},"end":{"line":22,"column":27}},"line":10}},"branchMap":{"0":{"loc":{"start":{"line":20,"column":48},"end":{"line":20,"column":58}},"type":"binary-expr","locations":[{"start":{"line":20,"column":48},"end":{"line":20,"column":53}},{"start":{"line":20,"column":57},"end":{"line":20,"column":58}}],"line":20}},"s":{"0":1,"1":5,"2":1},"f":{"0":5},"b":{"0":[5,1]},"_coverageSchema":"1a1c01bbd47fc00a2c39e90264f33305004495a9","hash":"f5eccd878a13c844624411b29b04dd054691283b"}
,"/Users/abhishekjain/Desktop/Travelopedia-client/client/src/components/ui/scroll-area.tsx": {"path":"/Users/abhishekjain/Desktop/Travelopedia-client/client/src/components/ui/scroll-area.tsx","statementMap":{"0":{"start":{"line":6,"column":19},"end":{"line":21,"column":2}},"1":{"start":{"line":10,"column":2},"end":{"line":20,"column":29}},"2":{"start":{"line":22,"column":0},"end":{"line":22,"column":61}},"3":{"start":{"line":24,"column":18},"end":{"line":43,"column":2}},"4":{"start":{"line":28,"column":2},"end":{"line":42,"column":44}},"5":{"start":{"line":44,"column":0},"end":{"line":44,"column":75}}},"fnMap":{"0":{"name":"(anonymous_0)","decl":{"start":{"line":9,"column":2},"end":{"line":9,"column":3}},"loc":{"start":{"line":10,"column":2},"end":{"line":20,"column":29}},"line":10},"1":{"name":"(anonymous_1)","decl":{"start":{"line":27,"column":2},"end":{"line":27,"column":3}},"loc":{"start":{"line":28,"column":2},"end":{"line":42,"column":44}},"line":28}},"branchMap":{"0":{"loc":{"start":{"line":27,"column":16},"end":{"line":27,"column":40}},"type":"default-arg","locations":[{"start":{"line":27,"column":30},"end":{"line":27,"column":40}}],"line":27},"1":{"loc":{"start":{"line":33,"column":6},"end":{"line":34,"column":60}},"type":"binary-expr","locations":[{"start":{"line":33,"column":6},"end":{"line":33,"column":32}},{"start":{"line":34,"column":8},"end":{"line":34,"column":60}}],"line":33},"2":{"loc":{"start":{"line":35,"column":6},"end":{"line":36,"column":62}},"type":"binary-expr","locations":[{"start":{"line":35,"column":6},"end":{"line":35,"column":34}},{"start":{"line":36,"column":8},"end":{"line":36,"column":62}}],"line":35}},"s":{"0":2,"1":16,"2":2,"3":2,"4":16,"5":2},"f":{"0":16,"1":16},"b":{"0":[16],"1":[16,16],"2":[16,0]},"_coverageSchema":"1a1c01bbd47fc00a2c39e90264f33305004495a9","hash":"07da126b6515bd76f0ce72a879efadb84d954f93"}
,"/Users/abhishekjain/Desktop/Travelopedia-client/client/src/components/ui/sheet.tsx": {"path":"/Users/abhishekjain/Desktop/Travelopedia-client/client/src/components/ui/sheet.tsx","statementMap":{"0":{"start":{"line":7,"column":14},"end":{"line":7,"column":33}},"1":{"start":{"line":9,"column":21},"end":{"line":9,"column":43}},"2":{"start":{"line":11,"column":19},"end":{"line":11,"column":39}},"3":{"start":{"line":13,"column":20},"end":{"line":13,"column":41}},"4":{"start":{"line":15,"column":21},"end":{"line":27,"column":2}},"5":{"start":{"line":19,"column":2},"end":{"line":26,"column":4}},"6":{"start":{"line":28,"column":0},"end":{"line":28,"column":61}},"7":{"start":{"line":30,"column":22},"end":{"line":47,"column":1}},"8":{"start":{"line":53,"column":21},"end":{"line":71,"column":2}},"9":{"start":{"line":57,"column":2},"end":{"line":70,"column":16}},"10":{"start":{"line":72,"column":0},"end":{"line":72,"column":61}},"11":{"start":{"line":74,"column":20},"end":{"line":85,"column":1}},"12":{"start":{"line":78,"column":2},"end":{"line":84,"column":4}},"13":{"start":{"line":86,"column":0},"end":{"line":86,"column":39}},"14":{"start":{"line":88,"column":20},"end":{"line":99,"column":1}},"15":{"start":{"line":92,"column":2},"end":{"line":98,"column":4}},"16":{"start":{"line":100,"column":0},"end":{"line":100,"column":39}},"17":{"start":{"line":102,"column":19},"end":{"line":111,"column":2}},"18":{"start":{"line":106,"column":2},"end":{"line":110,"column":4}},"19":{"start":{"line":112,"column":0},"end":{"line":112,"column":57}},"20":{"start":{"line":114,"column":25},"end":{"line":123,"column":2}},"21":{"start":{"line":118,"column":2},"end":{"line":122,"column":4}},"22":{"start":{"line":124,"column":0},"end":{"line":124,"column":69}}},"fnMap":{"0":{"name":"(anonymous_0)","decl":{"start":{"line":18,"column":2},"end":{"line":18,"column":3}},"loc":{"start":{"line":19,"column":2},"end":{"line":26,"column":4}},"line":19},"1":{"name":"(anonymous_1)","decl":{"start":{"line":56,"column":2},"end":{"line":56,"column":3}},"loc":{"start":{"line":57,"column":2},"end":{"line":70,"column":16}},"line":57},"2":{"name":"(anonymous_2)","decl":{"start":{"line":74,"column":20},"end":{"line":74,"column":21}},"loc":{"start":{"line":78,"column":2},"end":{"line":84,"column":4}},"line":78},"3":{"name":"(anonymous_3)","decl":{"start":{"line":88,"column":20},"end":{"line":88,"column":21}},"loc":{"start":{"line":92,"column":2},"end":{"line":98,"column":4}},"line":92},"4":{"name":"(anonymous_4)","decl":{"start":{"line":105,"column":2},"end":{"line":105,"column":3}},"loc":{"start":{"line":106,"column":2},"end":{"line":110,"column":4}},"line":106},"5":{"name":"(anonymous_5)","decl":{"start":{"line":117,"column":2},"end":{"line":117,"column":3}},"loc":{"start":{"line":118,"column":2},"end":{"line":122,"column":4}},"line":118}},"branchMap":{"0":{"loc":{"start":{"line":56,"column":5},"end":{"line":56,"column":19}},"type":"default-arg","locations":[{"start":{"line":56,"column":12},"end":{"line":56,"column":19}}],"line":56}},"s":{"0":3,"1":3,"2":3,"3":3,"4":3,"5":11,"6":3,"7":3,"8":3,"9":8,"10":3,"11":3,"12":5,"13":3,"14":3,"15":1,"16":3,"17":3,"18":5,"19":3,"20":3,"21":2,"22":3},"f":{"0":11,"1":8,"2":5,"3":1,"4":5,"5":2},"b":{"0":[4]},"_coverageSchema":"1a1c01bbd47fc00a2c39e90264f33305004495a9","hash":"39ec92cb2ab112880c4927fc276289b146efe686"}
,"/Users/abhishekjain/Desktop/Travelopedia-client/client/src/components/ui/textarea.tsx": {"path":"/Users/abhishekjain/Desktop/Travelopedia-client/client/src/components/ui/textarea.tsx","statementMap":{"0":{"start":{"line":8,"column":17},"end":{"line":21,"column":1}},"1":{"start":{"line":10,"column":4},"end":{"line":19,"column":5}},"2":{"start":{"line":22,"column":0},"end":{"line":22,"column":33}}},"fnMap":{"0":{"name":"(anonymous_0)","decl":{"start":{"line":9,"column":2},"end":{"line":9,"column":3}},"loc":{"start":{"line":9,"column":36},"end":{"line":20,"column":3}},"line":9}},"branchMap":{},"s":{"0":1,"1":7,"2":1},"f":{"0":7},"b":{},"_coverageSchema":"1a1c01bbd47fc00a2c39e90264f33305004495a9","hash":"cf2e21535a3ba1a9ccc372d6c80ac7b09e674e5d"}
,"/Users/abhishekjain/Desktop/Travelopedia-client/client/src/contexts/AuthContext.tsx": {"path":"/Users/abhishekjain/Desktop/Travelopedia-client/client/src/contexts/AuthContext.tsx","statementMap":{"0":{"start":{"line":10,"column":20},"end":{"line":10,"column":73}},"1":{"start":{"line":12,"column":23},"end":{"line":18,"column":1}},"2":{"start":{"line":13,"column":18},"end":{"line":13,"column":41}},"3":{"start":{"line":14,"column":2},"end":{"line":16,"column":3}},"4":{"start":{"line":15,"column":4},"end":{"line":15,"column":67}},"5":{"start":{"line":17,"column":2},"end":{"line":17,"column":17}},"6":{"start":{"line":20,"column":69},"end":{"line":55,"column":1}},"7":{"start":{"line":21,"column":48},"end":{"line":21,"column":72}},"8":{"start":{"line":22,"column":26},"end":{"line":22,"column":52}},"9":{"start":{"line":24,"column":2},"end":{"line":31,"column":9}},"10":{"start":{"line":25,"column":18},"end":{"line":25,"column":47}},"11":{"start":{"line":26,"column":21},"end":{"line":26,"column":49}},"12":{"start":{"line":27,"column":4},"end":{"line":30,"column":5}},"13":{"start":{"line":28,"column":6},"end":{"line":28,"column":31}},"14":{"start":{"line":29,"column":6},"end":{"line":29,"column":36}},"15":{"start":{"line":33,"column":16},"end":{"line":38,"column":3}},"16":{"start":{"line":34,"column":4},"end":{"line":34,"column":41}},"17":{"start":{"line":35,"column":4},"end":{"line":35,"column":59}},"18":{"start":{"line":36,"column":4},"end":{"line":36,"column":29}},"19":{"start":{"line":37,"column":4},"end":{"line":37,"column":22}},"20":{"start":{"line":40,"column":17},"end":{"line":48,"column":3}},"21":{"start":{"line":41,"column":4},"end":{"line":41,"column":37}},"22":{"start":{"line":42,"column":4},"end":{"line":42,"column":36}},"23":{"start":{"line":43,"column":4},"end":{"line":43,"column":39}},"24":{"start":{"line":44,"column":4},"end":{"line":44,"column":36}},"25":{"start":{"line":45,"column":4},"end":{"line":45,"column":39}},"26":{"start":{"line":46,"column":4},"end":{"line":46,"column":30}},"27":{"start":{"line":47,"column":4},"end":{"line":47,"column":18}},"28":{"start":{"line":50,"column":2},"end":{"line":54,"column":4}}},"fnMap":{"0":{"name":"(anonymous_0)","decl":{"start":{"line":12,"column":23},"end":{"line":12,"column":24}},"loc":{"start":{"line":12,"column":29},"end":{"line":18,"column":1}},"line":12},"1":{"name":"(anonymous_1)","decl":{"start":{"line":20,"column":69},"end":{"line":20,"column":70}},"loc":{"start":{"line":20,"column":87},"end":{"line":55,"column":1}},"line":20},"2":{"name":"(anonymous_2)","decl":{"start":{"line":24,"column":12},"end":{"line":24,"column":13}},"loc":{"start":{"line":24,"column":18},"end":{"line":31,"column":3}},"line":24},"3":{"name":"(anonymous_3)","decl":{"start":{"line":33,"column":16},"end":{"line":33,"column":17}},"loc":{"start":{"line":33,"column":50},"end":{"line":38,"column":3}},"line":33},"4":{"name":"(anonymous_4)","decl":{"start":{"line":40,"column":17},"end":{"line":40,"column":18}},"loc":{"start":{"line":40,"column":23},"end":{"line":48,"column":3}},"line":40}},"branchMap":{"0":{"loc":{"start":{"line":14,"column":2},"end":{"line":16,"column":3}},"type":"if","locations":[{"start":{"line":14,"column":2},"end":{"line":16,"column":3}},{"start":{},"end":{}}],"line":14},"1":{"loc":{"start":{"line":27,"column":4},"end":{"line":30,"column":5}},"type":"if","locations":[{"start":{"line":27,"column":4},"end":{"line":30,"column":5}},{"start":{},"end":{}}],"line":27},"2":{"loc":{"start":{"line":27,"column":8},"end":{"line":27,"column":25}},"type":"binary-expr","locations":[{"start":{"line":27,"column":8},"end":{"line":27,"column":13}},{"start":{"line":27,"column":17},"end":{"line":27,"column":25}}],"line":27}},"s":{"0":2,"1":2,"2":3,"3":3,"4":0,"5":3,"6":2,"7":3,"8":3,"9":3,"10":3,"11":3,"12":3,"13":0,"14":0,"15":3,"16":0,"17":0,"18":0,"19":0,"20":3,"21":0,"22":0,"23":0,"24":0,"25":0,"26":0,"27":0,"28":3},"f":{"0":3,"1":3,"2":3,"3":0,"4":0},"b":{"0":[0,3],"1":[0,3],"2":[3,0]},"_coverageSchema":"1a1c01bbd47fc00a2c39e90264f33305004495a9","hash":"7bbdee411ef982074b54af7b4771d83bf9fdba27"}
,"/Users/abhishekjain/Desktop/Travelopedia-client/client/src/lib/utils.ts": {"path":"/Users/abhishekjain/Desktop/Travelopedia-client/client/src/lib/utils.ts","statementMap":{"0":{"start":{"line":5,"column":2},"end":{"line":5,"column":30}}},"fnMap":{"0":{"name":"cn","decl":{"start":{"line":4,"column":16},"end":{"line":4,"column":18}},"loc":{"start":{"line":4,"column":44},"end":{"line":6,"column":1}},"line":4}},"branchMap":{},"s":{"0":123},"f":{"0":123},"b":{},"_coverageSchema":"1a1c01bbd47fc00a2c39e90264f33305004495a9","hash":"32a22839fd5777bc654c5cbe9cfa49e6b946e8fc"}
}
