TN:
SF:src/components/AboutUsPage.jsx
FN:7,AboutUsPage
FNF:1
FNH:1
FNDA:1,AboutUsPage
DA:8,1
LF:1
LH:1
BRF:0
BRH:0
end_of_record
TN:
SF:src/components/BlogDetails.jsx
FN:13,(anonymous_0)
FN:20,(anonymous_1)
FN:22,(anonymous_2)
FN:41,(anonymous_3)
FN:71,(anonymous_4)
FN:83,(anonymous_5)
FN:87,(anonymous_6)
FN:91,(anonymous_7)
FN:95,(anonymous_8)
FN:116,(anonymous_9)
FN:147,(anonymous_10)
FNF:11
FNH:7
FNDA:4,(anonymous_0)
FNDA:2,(anonymous_1)
FNDA:2,(anonymous_2)
FNDA:2,(anonymous_3)
FNDA:2,(anonymous_4)
FNDA:0,(anonymous_5)
FNDA:2,(anonymous_6)
FNDA:0,(anonymous_7)
FNDA:0,(anonymous_8)
FNDA:0,(anonymous_9)
FNDA:4,(anonymous_10)
DA:13,1
DA:14,4
DA:15,4
DA:16,4
DA:17,4
DA:18,4
DA:20,4
DA:22,2
DA:23,2
DA:24,2
DA:25,2
DA:32,2
DA:33,2
DA:35,0
DA:38,2
DA:41,4
DA:42,2
DA:43,2
DA:44,2
DA:46,2
DA:55,2
DA:56,12
DA:57,12
DA:58,0
DA:64,2
DA:67,4
DA:68,2
DA:71,2
DA:72,2
DA:73,0
DA:74,0
DA:76,2
DA:79,2
DA:80,0
DA:83,2
DA:84,0
DA:87,2
DA:88,2
DA:91,2
DA:92,0
DA:95,2
DA:96,0
DA:97,0
DA:98,0
DA:99,0
DA:106,0
DA:107,0
DA:109,0
DA:112,0
DA:116,2
DA:117,0
DA:120,2
DA:148,4
LF:53
LH:37
BRDA:57,0,0,0
BRDA:57,0,1,12
BRDA:58,1,0,0
BRDA:58,1,1,0
BRDA:67,2,0,2
BRDA:67,2,1,2
BRDA:72,3,0,0
BRDA:72,3,1,2
BRDA:79,4,0,0
BRDA:79,4,1,2
BRDA:106,5,0,0
BRDA:106,5,1,0
BRDA:130,6,0,2
BRDA:130,6,1,0
BRF:14
BRH:6
end_of_record
TN:
SF:src/components/Blogs.jsx
FN:4,Blogs
FNF:1
FNH:1
FNDA:1,Blogs
DA:5,1
LF:1
LH:1
BRF:0
BRH:0
end_of_record
TN:
SF:src/components/BudgetProcess.jsx
FN:4,(anonymous_0)
FN:9,(anonymous_1)
FNF:2
FNH:2
FNDA:5,(anonymous_0)
FNDA:15,(anonymous_1)
DA:4,1
DA:5,5
DA:10,15
DA:31,1
LF:4
LH:4
BRDA:14,0,0,5
BRDA:14,0,1,10
BRDA:16,1,0,5
BRDA:16,1,1,5
BRDA:21,2,0,5
BRDA:21,2,1,10
BRF:6
BRH:6
end_of_record
TN:
SF:src/components/ConfirmDialog.jsx
FN:4,(anonymous_0)
FNF:1
FNH:1
FNDA:7,(anonymous_0)
DA:4,2
DA:5,7
DA:6,3
DA:9,4
LF:4
LH:4
BRDA:5,0,0,3
BRDA:5,0,1,4
BRF:2
BRH:2
end_of_record
TN:
SF:src/components/CustomBudget.jsx
FN:34,CustomBudget
FN:40,(anonymous_1)
FN:67,(anonymous_2)
FN:78,(anonymous_3)
FNF:4
FNH:4
FNDA:8,CustomBudget
FNDA:1,(anonymous_1)
FNDA:2,(anonymous_2)
FNDA:2,(anonymous_3)
DA:10,1
DA:21,1
DA:35,8
DA:36,8
DA:37,8
DA:38,8
DA:40,8
DA:41,1
DA:42,1
DA:48,1
DA:49,1
DA:50,1
DA:51,1
DA:52,1
DA:53,1
DA:56,8
DA:67,2
DA:78,2
LF:18
LH:18
BRDA:91,0,0,8
BRDA:91,0,1,0
BRF:2
BRH:1
end_of_record
TN:
SF:src/components/ExistingBudgets.jsx
FN:6,ExistingBudgets
FN:10,(anonymous_1)
FN:18,(anonymous_2)
FN:22,(anonymous_3)
FN:26,(anonymous_4)
FN:36,(anonymous_5)
FN:48,(anonymous_6)
FN:49,(anonymous_7)
FN:64,(anonymous_8)
FN:69,(anonymous_9)
FN:76,(anonymous_10)
FNF:11
FNH:11
FNDA:9,ExistingBudgets
FNDA:8,(anonymous_1)
FNDA:4,(anonymous_2)
FNDA:4,(anonymous_3)
FNDA:2,(anonymous_4)
FNDA:2,(anonymous_5)
FNDA:6,(anonymous_6)
FNDA:6,(anonymous_7)
FNDA:6,(anonymous_8)
FNDA:2,(anonymous_9)
FNDA:6,(anonymous_10)
DA:7,9
DA:8,9
DA:10,9
DA:11,8
DA:12,8
DA:13,4
DA:18,9
DA:19,4
DA:22,9
DA:23,4
DA:26,9
DA:27,2
DA:28,2
DA:29,2
DA:31,2
DA:33,2
DA:35,2
DA:36,2
DA:37,1
DA:38,1
DA:40,1
DA:43,0
DA:44,0
DA:48,9
DA:49,6
DA:52,9
DA:65,6
DA:69,2
DA:77,6
LF:29
LH:27
BRDA:12,0,0,4
BRDA:12,0,1,4
BRDA:35,1,0,1
BRDA:35,1,1,1
BRDA:40,2,0,1
BRDA:40,2,1,0
BRDA:59,3,0,5
BRDA:59,3,1,4
BRF:8
BRH:7
end_of_record
TN:
SF:src/components/Footer.jsx
FN:6,(anonymous_0)
FNF:1
FNH:1
FNDA:5,(anonymous_0)
DA:6,3
DA:7,5
LF:2
LH:2
BRF:0
BRH:0
end_of_record
TN:
SF:src/components/Header.jsx
FN:20,(anonymous_0)
FN:36,(anonymous_1)
FN:59,(anonymous_2)
FN:90,(anonymous_3)
FNF:4
FNH:4
FNDA:3,(anonymous_0)
FNDA:30,(anonymous_1)
FNDA:12,(anonymous_2)
FNDA:30,(anonymous_3)
DA:20,2
DA:21,3
DA:23,3
DA:36,3
DA:37,30
DA:38,0
DA:40,30
DA:49,3
DA:60,12
DA:91,30
LF:10
LH:9
BRDA:37,0,0,0
BRDA:37,0,1,30
BRDA:38,1,0,0
BRDA:38,1,1,0
BRDA:41,2,0,30
BRDA:41,2,1,27
BRDA:41,2,2,24
BRDA:41,2,3,21
BRF:8
BRH:5
end_of_record
TN:
SF:src/components/ProtectedRoute.tsx
FN:9,(anonymous_0)
FN:15,(anonymous_1)
FNF:2
FNH:2
FNDA:3,(anonymous_0)
FNDA:3,(anonymous_1)
DA:9,1
DA:10,3
DA:11,3
DA:12,3
DA:13,3
DA:15,3
DA:19,3
DA:20,2
DA:21,1
DA:25,2
LF:10
LH:10
BRDA:19,0,0,2
BRDA:19,0,1,1
BRDA:19,1,0,3
BRDA:19,1,1,1
BRDA:20,2,0,1
BRDA:20,2,1,1
BRF:6
BRH:6
end_of_record
TN:
SF:src/components/TopBlogs.jsx
FN:43,(anonymous_0)
FN:44,(anonymous_1)
FN:51,(anonymous_2)
FN:59,(anonymous_3)
FNF:4
FNH:4
FNDA:7,(anonymous_0)
FNDA:1,(anonymous_1)
FNDA:35,(anonymous_2)
FNDA:1,(anonymous_3)
DA:10,2
DA:43,2
DA:44,7
DA:45,1
DA:47,7
DA:52,35
DA:59,1
LF:7
LH:7
BRDA:55,0,0,35
BRDA:55,0,1,0
BRF:2
BRH:1
end_of_record
TN:
SF:src/components/UnderMaintainance_404.jsx
FN:5,UnderMaintainance
FNF:1
FNH:1
FNDA:2,UnderMaintainance
DA:6,2
LF:1
LH:1
BRF:0
BRH:0
end_of_record
TN:
SF:src/components/ui/button.tsx
FN:44,(anonymous_0)
FNF:1
FNH:1
FNDA:10,(anonymous_0)
DA:7,3
DA:43,3
DA:45,10
DA:46,10
DA:55,3
LF:5
LH:5
BRDA:44,0,0,10
BRDA:45,1,0,0
BRDA:45,1,1,10
BRF:3
BRH:2
end_of_record
TN:
SF:src/components/ui/input.tsx
FN:9,(anonymous_0)
FNF:1
FNH:1
FNDA:13,(anonymous_0)
DA:8,2
DA:10,13
DA:23,2
LF:3
LH:3
BRF:0
BRH:0
end_of_record
TN:
SF:src/components/ui/label.tsx
FN:15,(anonymous_0)
FNF:1
FNH:1
FNDA:19,(anonymous_0)
DA:7,2
DA:11,2
DA:16,19
DA:22,2
LF:4
LH:4
BRF:0
BRH:0
end_of_record
TN:
SF:src/components/ui/popover.tsx
FN:15,(anonymous_0)
FNF:1
FNH:1
FNDA:5,(anonymous_0)
DA:6,1
DA:8,1
DA:10,1
DA:12,1
DA:16,5
DA:29,1
LF:6
LH:6
BRDA:15,0,0,4
BRDA:15,1,0,4
BRF:2
BRH:2
end_of_record
TN:
SF:src/components/ui/progress.tsx
FN:9,(anonymous_0)
FNF:1
FNH:1
FNDA:5,(anonymous_0)
DA:6,1
DA:10,5
DA:24,1
LF:3
LH:3
BRDA:20,0,0,5
BRDA:20,0,1,1
BRF:2
BRH:2
end_of_record
TN:
SF:src/components/ui/scroll-area.tsx
FN:9,(anonymous_0)
FN:27,(anonymous_1)
FNF:2
FNH:2
FNDA:16,(anonymous_0)
FNDA:16,(anonymous_1)
DA:6,2
DA:10,16
DA:22,2
DA:24,2
DA:28,16
DA:44,2
LF:6
LH:6
BRDA:27,0,0,16
BRDA:33,1,0,16
BRDA:33,1,1,16
BRDA:35,2,0,16
BRDA:35,2,1,0
BRF:5
BRH:4
end_of_record
TN:
SF:src/components/ui/sheet.tsx
FN:18,(anonymous_0)
FN:56,(anonymous_1)
FN:74,(anonymous_2)
FN:88,(anonymous_3)
FN:105,(anonymous_4)
FN:117,(anonymous_5)
FNF:6
FNH:6
FNDA:11,(anonymous_0)
FNDA:8,(anonymous_1)
FNDA:5,(anonymous_2)
FNDA:1,(anonymous_3)
FNDA:5,(anonymous_4)
FNDA:2,(anonymous_5)
DA:7,3
DA:9,3
DA:11,3
DA:13,3
DA:15,3
DA:19,11
DA:28,3
DA:30,3
DA:53,3
DA:57,8
DA:72,3
DA:74,3
DA:78,5
DA:86,3
DA:88,3
DA:92,1
DA:100,3
DA:102,3
DA:106,5
DA:112,3
DA:114,3
DA:118,2
DA:124,3
LF:23
LH:23
BRDA:56,0,0,4
BRF:1
BRH:1
end_of_record
TN:
SF:src/components/ui/textarea.tsx
FN:9,(anonymous_0)
FNF:1
FNH:1
FNDA:7,(anonymous_0)
DA:8,1
DA:10,7
DA:22,1
LF:3
LH:3
BRF:0
BRH:0
end_of_record
TN:
SF:src/contexts/AuthContext.tsx
FN:12,(anonymous_0)
FN:20,(anonymous_1)
FN:24,(anonymous_2)
FN:33,(anonymous_3)
FN:40,(anonymous_4)
FNF:5
FNH:3
FNDA:3,(anonymous_0)
FNDA:3,(anonymous_1)
FNDA:3,(anonymous_2)
FNDA:0,(anonymous_3)
FNDA:0,(anonymous_4)
DA:10,2
DA:12,2
DA:13,3
DA:14,3
DA:15,0
DA:17,3
DA:20,2
DA:21,3
DA:22,3
DA:24,3
DA:25,3
DA:26,3
DA:27,3
DA:28,0
DA:29,0
DA:33,3
DA:34,0
DA:35,0
DA:36,0
DA:37,0
DA:40,3
DA:41,0
DA:42,0
DA:43,0
DA:44,0
DA:45,0
DA:46,0
DA:47,0
DA:50,3
LF:29
LH:15
BRDA:14,0,0,0
BRDA:14,0,1,3
BRDA:27,1,0,0
BRDA:27,1,1,3
BRDA:27,2,0,3
BRDA:27,2,1,0
BRF:6
BRH:3
end_of_record
TN:
SF:src/lib/utils.ts
FN:4,cn
FNF:1
FNH:1
FNDA:123,cn
DA:5,123
LF:1
LH:1
BRF:0
BRH:0
end_of_record
